{"C:\\Users\\Lokesh-PC\\Downloads\\test copilot chat\\GDS-Demo-App\\src\\components\\ConfirmationStep.tsx": {"path":"C:\\Users\\Lokesh-PC\\Downloads\\test copilot chat\\GDS-Demo-App\\src\\components\\ConfirmationStep.tsx","statementMap":{"0":{"start":{"line":8,"column":6},"end":{"line":183,"column":null}},"1":{"start":{"line":9,"column":8},"end":{"line":15,"column":null}},"2":{"start":{"line":10,"column":4},"end":{"line":10,"column":null}},"3":{"start":{"line":10,"column":21},"end":{"line":10,"column":null}},"4":{"start":{"line":11,"column":4},"end":{"line":15,"column":null}},"5":{"start":{"line":18,"column":8},"end":{"line":27,"column":null}},"6":{"start":{"line":19,"column":44},"end":{"line":26,"column":null}},"7":{"start":{"line":27,"column":4},"end":{"line":27,"column":null}},"8":{"start":{"line":30,"column":22},"end":{"line":40,"column":null}},"9":{"start":{"line":42,"column":2},"end":{"line":183,"column":null}},"10":{"start":{"line":112,"column":10},"end":{"line":145,"column":null}}},"fnMap":{"0":{"name":"(anonymous_0)","decl":{"start":{"line":8,"column":6},"end":{"line":8,"column":59}},"loc":{"start":{"line":8,"column":76},"end":{"line":183,"column":null}},"line":8},"1":{"name":"(anonymous_1)","decl":{"start":{"line":9,"column":8},"end":{"line":9,"column":22}},"loc":{"start":{"line":9,"column":45},"end":{"line":15,"column":null}},"line":9},"2":{"name":"(anonymous_2)","decl":{"start":{"line":18,"column":8},"end":{"line":18,"column":30}},"loc":{"start":{"line":18,"column":48},"end":{"line":27,"column":null}},"line":18},"3":{"name":"(anonymous_3)","decl":{"start":{"line":111,"column":21},"end":{"line":111,"column":26}},"loc":{"start":{"line":112,"column":10},"end":{"line":145,"column":null}},"line":112}},"branchMap":{"0":{"loc":{"start":{"line":10,"column":4},"end":{"line":10,"column":null}},"type":"if","locations":[{"start":{"line":10,"column":4},"end":{"line":10,"column":null}},{"start":{},"end":{}}],"line":10},"1":{"loc":{"start":{"line":27,"column":11},"end":{"line":27,"column":null}},"type":"binary-expr","locations":[{"start":{"line":27,"column":11},"end":{"line":27,"column":29}},{"start":{"line":27,"column":29},"end":{"line":27,"column":null}}],"line":27},"2":{"loc":{"start":{"line":39,"column":8},"end":{"line":39,"column":null}},"type":"cond-expr","locations":[{"start":{"line":39,"column":34},"end":{"line":39,"column":103}},{"start":{"line":39,"column":106},"end":{"line":39,"column":null}}],"line":39}},"s":{"0":1,"1":9,"2":9,"3":0,"4":9,"5":9,"6":9,"7":9,"8":9,"9":9,"10":72},"f":{"0":9,"1":9,"2":9,"3":72},"b":{"0":[0,9],"1":[9,0],"2":[0,9]},"meta":{"lastBranch":3,"lastFunction":4,"lastStatement":11,"seen":{"s:8:6:183:Infinity":0,"f:8:6:8:59":0,"s:9:8:15:Infinity":1,"f:9:8:9:22":1,"b:10:4:10:Infinity:undefined:undefined:undefined:undefined":0,"s:10:4:10:Infinity":2,"s:10:21:10:Infinity":3,"s:11:4:15:Infinity":4,"s:18:8:27:Infinity":5,"f:18:8:18:30":2,"s:19:44:26:Infinity":6,"s:27:4:27:Infinity":7,"b:27:11:27:29:27:29:27:Infinity":1,"s:30:22:40:Infinity":8,"b:39:34:39:103:39:106:39:Infinity":2,"s:42:2:183:Infinity":9,"f:111:21:111:26":3,"s:112:10:145:Infinity":10}}}
,"C:\\Users\\Lokesh-PC\\Downloads\\test copilot chat\\GDS-Demo-App\\src\\components\\FormInput.tsx": {"path":"C:\\Users\\Lokesh-PC\\Downloads\\test copilot chat\\GDS-Demo-App\\src\\components\\FormInput.tsx","statementMap":{"0":{"start":{"line":17,"column":6},"end":{"line":177,"column":null}},"1":{"start":{"line":30,"column":18},"end":{"line":30,"column":null}},"2":{"start":{"line":31,"column":18},"end":{"line":31,"column":null}},"3":{"start":{"line":32,"column":17},"end":{"line":32,"column":null}},"4":{"start":{"line":34,"column":22},"end":{"line":39,"column":14}},"5":{"start":{"line":41,"column":22},"end":{"line":43,"column":null}},"6":{"start":{"line":45,"column":42},"end":{"line":58,"column":null}},"7":{"start":{"line":60,"column":2},"end":{"line":177,"column":null}},"8":{"start":{"line":149,"column":12},"end":{"line":151,"column":null}}},"fnMap":{"0":{"name":"(anonymous_0)","decl":{"start":{"line":17,"column":6},"end":{"line":17,"column":45}},"loc":{"start":{"line":29,"column":6},"end":{"line":177,"column":null}},"line":29},"1":{"name":"(anonymous_1)","decl":{"start":{"line":148,"column":20},"end":{"line":148,"column":25}},"loc":{"start":{"line":149,"column":12},"end":{"line":151,"column":null}},"line":149}},"branchMap":{"0":{"loc":{"start":{"line":20,"column":2},"end":{"line":20,"column":null}},"type":"default-arg","locations":[{"start":{"line":20,"column":9},"end":{"line":20,"column":null}}],"line":20},"1":{"loc":{"start":{"line":24,"column":2},"end":{"line":24,"column":null}},"type":"default-arg","locations":[{"start":{"line":24,"column":13},"end":{"line":24,"column":null}}],"line":24},"2":{"loc":{"start":{"line":28,"column":2},"end":{"line":28,"column":null}},"type":"default-arg","locations":[{"start":{"line":28,"column":7},"end":{"line":28,"column":null}}],"line":28},"3":{"loc":{"start":{"line":35,"column":4},"end":{"line":35,"column":null}},"type":"cond-expr","locations":[{"start":{"line":35,"column":11},"end":{"line":35,"column":20}},{"start":{"line":35,"column":20},"end":{"line":35,"column":null}}],"line":35},"4":{"loc":{"start":{"line":36,"column":4},"end":{"line":36,"column":null}},"type":"cond-expr","locations":[{"start":{"line":36,"column":12},"end":{"line":36,"column":22}},{"start":{"line":36,"column":22},"end":{"line":36,"column":null}}],"line":36},"5":{"loc":{"start":{"line":41,"column":22},"end":{"line":43,"column":null}},"type":"cond-expr","locations":[{"start":{"line":42,"column":6},"end":{"line":42,"column":null}},{"start":{"line":43,"column":6},"end":{"line":43,"column":null}}],"line":41},"6":{"loc":{"start":{"line":64,"column":12},"end":{"line":69,"column":null}},"type":"cond-expr","locations":[{"start":{"line":65,"column":12},"end":{"line":68,"column":null}},{"start":{"line":69,"column":12},"end":{"line":69,"column":null}}],"line":64},"7":{"loc":{"start":{"line":79,"column":24},"end":{"line":79,"column":null}},"type":"cond-expr","locations":[{"start":{"line":79,"column":31},"end":{"line":79,"column":39}},{"start":{"line":79,"column":39},"end":{"line":79,"column":null}}],"line":79},"8":{"loc":{"start":{"line":84,"column":9},"end":{"line":87,"column":null}},"type":"binary-expr","locations":[{"start":{"line":84,"column":9},"end":{"line":84,"column":null}},{"start":{"line":85,"column":10},"end":{"line":87,"column":null}}],"line":84},"9":{"loc":{"start":{"line":91,"column":7},"end":{"line":102,"column":null}},"type":"binary-expr","locations":[{"start":{"line":91,"column":7},"end":{"line":91,"column":null}},{"start":{"line":92,"column":8},"end":{"line":102,"column":null}}],"line":91},"10":{"loc":{"start":{"line":105,"column":7},"end":{"line":119,"column":null}},"type":"binary-expr","locations":[{"start":{"line":105,"column":7},"end":{"line":105,"column":null}},{"start":{"line":106,"column":8},"end":{"line":119,"column":null}}],"line":105},"11":{"loc":{"start":{"line":123,"column":7},"end":{"line":177,"column":null}},"type":"cond-expr","locations":[{"start":{"line":124,"column":8},"end":{"line":136,"column":17}},{"start":{"line":136,"column":10},"end":{"line":177,"column":null}}],"line":123},"12":{"loc":{"start":{"line":130,"column":28},"end":{"line":130,"column":null}},"type":"binary-expr","locations":[{"start":{"line":130,"column":28},"end":{"line":130,"column":43}},{"start":{"line":130,"column":43},"end":{"line":130,"column":null}}],"line":130},"13":{"loc":{"start":{"line":136,"column":10},"end":{"line":177,"column":null}},"type":"cond-expr","locations":[{"start":{"line":137,"column":8},"end":{"line":155,"column":9}},{"start":{"line":155,"column":8},"end":{"line":177,"column":null}}],"line":136},"14":{"loc":{"start":{"line":142,"column":28},"end":{"line":142,"column":null}},"type":"binary-expr","locations":[{"start":{"line":142,"column":28},"end":{"line":142,"column":43}},{"start":{"line":142,"column":43},"end":{"line":142,"column":null}}],"line":142},"15":{"loc":{"start":{"line":162,"column":28},"end":{"line":162,"column":null}},"type":"binary-expr","locations":[{"start":{"line":162,"column":28},"end":{"line":162,"column":43}},{"start":{"line":162,"column":43},"end":{"line":162,"column":null}}],"line":162},"16":{"loc":{"start":{"line":166,"column":12},"end":{"line":174,"column":null}},"type":"cond-expr","locations":[{"start":{"line":166,"column":35},"end":{"line":166,"column":null}},{"start":{"line":167,"column":12},"end":{"line":174,"column":null}}],"line":166},"17":{"loc":{"start":{"line":167,"column":12},"end":{"line":174,"column":null}},"type":"cond-expr","locations":[{"start":{"line":167,"column":34},"end":{"line":167,"column":null}},{"start":{"line":168,"column":12},"end":{"line":174,"column":null}}],"line":167},"18":{"loc":{"start":{"line":168,"column":12},"end":{"line":174,"column":null}},"type":"cond-expr","locations":[{"start":{"line":168,"column":31},"end":{"line":168,"column":null}},{"start":{"line":169,"column":12},"end":{"line":174,"column":null}}],"line":168},"19":{"loc":{"start":{"line":169,"column":12},"end":{"line":174,"column":null}},"type":"cond-expr","locations":[{"start":{"line":169,"column":31},"end":{"line":169,"column":null}},{"start":{"line":170,"column":12},"end":{"line":174,"column":null}}],"line":169},"20":{"loc":{"start":{"line":170,"column":12},"end":{"line":174,"column":null}},"type":"cond-expr","locations":[{"start":{"line":170,"column":33},"end":{"line":170,"column":null}},{"start":{"line":171,"column":12},"end":{"line":174,"column":null}}],"line":170},"21":{"loc":{"start":{"line":171,"column":12},"end":{"line":174,"column":null}},"type":"cond-expr","locations":[{"start":{"line":171,"column":30},"end":{"line":171,"column":null}},{"start":{"line":172,"column":12},"end":{"line":174,"column":null}}],"line":171},"22":{"loc":{"start":{"line":172,"column":12},"end":{"line":174,"column":null}},"type":"cond-expr","locations":[{"start":{"line":172,"column":34},"end":{"line":172,"column":null}},{"start":{"line":173,"column":12},"end":{"line":174,"column":null}}],"line":172},"23":{"loc":{"start":{"line":173,"column":12},"end":{"line":174,"column":null}},"type":"cond-expr","locations":[{"start":{"line":173,"column":37},"end":{"line":173,"column":null}},{"start":{"line":174,"column":12},"end":{"line":174,"column":null}}],"line":173}},"s":{"0":1,"1":20,"2":20,"3":20,"4":20,"5":20,"6":20,"7":20,"8":2},"f":{"0":20,"1":2},"b":{"0":[20],"1":[20],"2":[20],"3":[2,18],"4":[4,16],"5":[4,16],"6":[4,16],"7":[2,18],"8":[20,0],"9":[20,2],"10":[20,4],"11":[1,19],"12":[1,1],"13":[1,18],"14":[1,1],"15":[18,12],"16":[13,5],"17":[1,4],"18":[1,3],"19":[0,3],"20":[0,3],"21":[0,3],"22":[1,2],"23":[2,0]},"meta":{"lastBranch":24,"lastFunction":2,"lastStatement":9,"seen":{"s:17:6:177:Infinity":0,"f:17:6:17:45":0,"b:20:9:20:Infinity":0,"b:24:13:24:Infinity":1,"b:28:7:28:Infinity":2,"s:30:18:30:Infinity":1,"s:31:18:31:Infinity":2,"s:32:17:32:Infinity":3,"s:34:22:39:14":4,"b:35:11:35:20:35:20:35:Infinity":3,"b:36:12:36:22:36:22:36:Infinity":4,"s:41:22:43:Infinity":5,"b:42:6:42:Infinity:43:6:43:Infinity":5,"s:45:42:58:Infinity":6,"s:60:2:177:Infinity":7,"b:65:12:68:Infinity:69:12:69:Infinity":6,"b:79:31:79:39:79:39:79:Infinity":7,"b:84:9:84:Infinity:85:10:87:Infinity":8,"b:91:7:91:Infinity:92:8:102:Infinity":9,"b:105:7:105:Infinity:106:8:119:Infinity":10,"b:124:8:136:17:136:10:177:Infinity":11,"b:130:28:130:43:130:43:130:Infinity":12,"b:137:8:155:9:155:8:177:Infinity":13,"b:142:28:142:43:142:43:142:Infinity":14,"f:148:20:148:25":1,"s:149:12:151:Infinity":8,"b:162:28:162:43:162:43:162:Infinity":15,"b:166:35:166:Infinity:167:12:174:Infinity":16,"b:167:34:167:Infinity:168:12:174:Infinity":17,"b:168:31:168:Infinity:169:12:174:Infinity":18,"b:169:31:169:Infinity:170:12:174:Infinity":19,"b:170:33:170:Infinity:171:12:174:Infinity":20,"b:171:30:171:Infinity:172:12:174:Infinity":21,"b:172:34:172:Infinity:173:12:174:Infinity":22,"b:173:37:173:Infinity:174:12:174:Infinity":23}}}
,"C:\\Users\\Lokesh-PC\\Downloads\\test copilot chat\\GDS-Demo-App\\src\\components\\GovUKFooter.tsx": {"path":"C:\\Users\\Lokesh-PC\\Downloads\\test copilot chat\\GDS-Demo-App\\src\\components\\GovUKFooter.tsx","statementMap":{"0":{"start":{"line":3,"column":6},"end":{"line":86,"column":null}},"1":{"start":{"line":4,"column":2},"end":{"line":86,"column":null}},"2":{"start":{"line":38,"column":14},"end":{"line":45,"column":null}}},"fnMap":{"0":{"name":"(anonymous_0)","decl":{"start":{"line":3,"column":6},"end":{"line":3,"column":36}},"loc":{"start":{"line":3,"column":36},"end":{"line":86,"column":null}},"line":3},"1":{"name":"(anonymous_1)","decl":{"start":{"line":37,"column":14},"end":{"line":37,"column":19}},"loc":{"start":{"line":38,"column":14},"end":{"line":45,"column":null}},"line":38}},"branchMap":{},"s":{"0":1,"1":8,"2":48},"f":{"0":8,"1":48},"b":{},"meta":{"lastBranch":0,"lastFunction":2,"lastStatement":3,"seen":{"s:3:6:86:Infinity":0,"f:3:6:3:36":0,"s:4:2:86:Infinity":1,"f:37:14:37:19":1,"s:38:14:45:Infinity":2}}}
,"C:\\Users\\Lokesh-PC\\Downloads\\test copilot chat\\GDS-Demo-App\\src\\components\\GovUKHeader.tsx": {"path":"C:\\Users\\Lokesh-PC\\Downloads\\test copilot chat\\GDS-Demo-App\\src\\components\\GovUKHeader.tsx","statementMap":{"0":{"start":{"line":8,"column":6},"end":{"line":99,"column":null}},"1":{"start":{"line":9,"column":2},"end":{"line":99,"column":null}}},"fnMap":{"0":{"name":"(anonymous_0)","decl":{"start":{"line":8,"column":6},"end":{"line":8,"column":49}},"loc":{"start":{"line":8,"column":87},"end":{"line":99,"column":null}},"line":8}},"branchMap":{"0":{"loc":{"start":{"line":8,"column":64},"end":{"line":8,"column":87}},"type":"default-arg","locations":[{"start":{"line":8,"column":77},"end":{"line":8,"column":87}}],"line":8},"1":{"loc":{"start":{"line":43,"column":11},"end":{"line":68,"column":null}},"type":"binary-expr","locations":[{"start":{"line":43,"column":11},"end":{"line":43,"column":null}},{"start":{"line":44,"column":12},"end":{"line":68,"column":null}}],"line":43}},"s":{"0":1,"1":7},"f":{"0":7},"b":{"0":[7],"1":[7,1]},"meta":{"lastBranch":2,"lastFunction":1,"lastStatement":2,"seen":{"s:8:6:99:Infinity":0,"f:8:6:8:49":0,"b:8:77:8:87":0,"s:9:2:99:Infinity":1,"b:43:11:43:Infinity:44:12:68:Infinity":1}}}
,"C:\\Users\\Lokesh-PC\\Downloads\\test copilot chat\\GDS-Demo-App\\src\\components\\ProgressIndicator.tsx": {"path":"C:\\Users\\Lokesh-PC\\Downloads\\test copilot chat\\GDS-Demo-App\\src\\components\\ProgressIndicator.tsx","statementMap":{"0":{"start":{"line":9,"column":6},"end":{"line":74,"column":null}},"1":{"start":{"line":14,"column":2},"end":{"line":74,"column":null}},"2":{"start":{"line":40,"column":29},"end":{"line":40,"column":null}},"3":{"start":{"line":41,"column":30},"end":{"line":41,"column":null}},"4":{"start":{"line":42,"column":28},"end":{"line":42,"column":null}},"5":{"start":{"line":44,"column":10},"end":{"line":71,"column":null}}},"fnMap":{"0":{"name":"(anonymous_0)","decl":{"start":{"line":9,"column":6},"end":{"line":9,"column":61}},"loc":{"start":{"line":13,"column":6},"end":{"line":74,"column":null}},"line":13},"1":{"name":"(anonymous_1)","decl":{"start":{"line":39,"column":20},"end":{"line":39,"column":25}},"loc":{"start":{"line":39,"column":42},"end":{"line":71,"column":null}},"line":39}},"branchMap":{"0":{"loc":{"start":{"line":47,"column":28},"end":{"line":47,"column":null}},"type":"cond-expr","locations":[{"start":{"line":47,"column":40},"end":{"line":47,"column":49}},{"start":{"line":47,"column":49},"end":{"line":47,"column":null}}],"line":47},"1":{"loc":{"start":{"line":51,"column":18},"end":{"line":51,"column":null}},"type":"cond-expr","locations":[{"start":{"line":51,"column":32},"end":{"line":51,"column":44}},{"start":{"line":51,"column":44},"end":{"line":51,"column":null}}],"line":51},"2":{"loc":{"start":{"line":51,"column":44},"end":{"line":51,"column":null}},"type":"cond-expr","locations":[{"start":{"line":51,"column":56},"end":{"line":51,"column":68}},{"start":{"line":51,"column":68},"end":{"line":51,"column":null}}],"line":51},"3":{"loc":{"start":{"line":54,"column":29},"end":{"line":54,"column":null}},"type":"cond-expr","locations":[{"start":{"line":54,"column":54},"end":{"line":54,"column":62}},{"start":{"line":54,"column":62},"end":{"line":54,"column":null}}],"line":54},"4":{"loc":{"start":{"line":62,"column":25},"end":{"line":62,"column":null}},"type":"cond-expr","locations":[{"start":{"line":62,"column":37},"end":{"line":62,"column":49}},{"start":{"line":62,"column":49},"end":{"line":62,"column":null}}],"line":62},"5":{"loc":{"start":{"line":62,"column":49},"end":{"line":62,"column":null}},"type":"cond-expr","locations":[{"start":{"line":62,"column":63},"end":{"line":62,"column":75}},{"start":{"line":62,"column":75},"end":{"line":62,"column":null}}],"line":62},"6":{"loc":{"start":{"line":63,"column":30},"end":{"line":63,"column":null}},"type":"cond-expr","locations":[{"start":{"line":63,"column":42},"end":{"line":63,"column":48}},{"start":{"line":63,"column":48},"end":{"line":63,"column":null}}],"line":63},"7":{"loc":{"start":{"line":66,"column":17},"end":{"line":69,"column":null}},"type":"binary-expr","locations":[{"start":{"line":66,"column":17},"end":{"line":66,"column":null}},{"start":{"line":67,"column":18},"end":{"line":69,"column":null}}],"line":66}},"s":{"0":1,"1":10,"2":40,"3":40,"4":40,"5":40},"f":{"0":10,"1":40},"b":{"0":[10,30],"1":[6,34],"2":[10,24],"3":[30,10],"4":[10,30],"5":[6,24],"6":[10,30],"7":[40,6]},"meta":{"lastBranch":8,"lastFunction":2,"lastStatement":6,"seen":{"s:9:6:74:Infinity":0,"f:9:6:9:61":0,"s:14:2:74:Infinity":1,"f:39:20:39:25":1,"s:40:29:40:Infinity":2,"s:41:30:41:Infinity":3,"s:42:28:42:Infinity":4,"s:44:10:71:Infinity":5,"b:47:40:47:49:47:49:47:Infinity":0,"b:51:32:51:44:51:44:51:Infinity":1,"b:51:56:51:68:51:68:51:Infinity":2,"b:54:54:54:62:54:62:54:Infinity":3,"b:62:37:62:49:62:49:62:Infinity":4,"b:62:63:62:75:62:75:62:Infinity":5,"b:63:42:63:48:63:48:63:Infinity":6,"b:66:17:66:Infinity:67:18:69:Infinity":7}}}
,"C:\\Users\\Lokesh-PC\\Downloads\\test copilot chat\\GDS-Demo-App\\src\\utils\\validation.ts": {"path":"C:\\Users\\Lokesh-PC\\Downloads\\test copilot chat\\GDS-Demo-App\\src\\utils\\validation.ts","statementMap":{"0":{"start":{"line":3,"column":13},"end":{"line":7,"column":null}},"1":{"start":{"line":4,"column":29},"end":{"line":4,"column":31}},"2":{"start":{"line":7,"column":2},"end":{"line":7,"column":null}},"3":{"start":{"line":10,"column":13},"end":{"line":11,"column":null}},"4":{"start":{"line":11,"column":2},"end":{"line":11,"column":null}}},"fnMap":{"0":{"name":"(anonymous_0)","decl":{"start":{"line":3,"column":13},"end":{"line":3,"column":29}},"loc":{"start":{"line":3,"column":78},"end":{"line":7,"column":null}},"line":3},"1":{"name":"(anonymous_1)","decl":{"start":{"line":10,"column":13},"end":{"line":10,"column":26}},"loc":{"start":{"line":10,"column":58},"end":{"line":11,"column":null}},"line":10}},"branchMap":{},"s":{"0":1,"1":6,"2":6,"3":1,"4":2},"f":{"0":6,"1":2},"b":{},"meta":{"lastBranch":0,"lastFunction":2,"lastStatement":5,"seen":{"s:3:13:7:Infinity":0,"f:3:13:3:29":0,"s:4:29:4:31":1,"s:7:2:7:Infinity":2,"s:10:13:11:Infinity":3,"f:10:13:10:26":1,"s:11:2:11:Infinity":4}}}
}
