{"total": {"lines":{"total":35,"covered":35,"skipped":0,"pct":100},"statements":{"total":36,"covered":35,"skipped":0,"pct":97.22},"functions":{"total":13,"covered":13,"skipped":0,"pct":100},"branches":{"total":70,"covered":62,"skipped":0,"pct":88.57},"branchesTrue":{"total":0,"covered":0,"skipped":0,"pct":100}}
,"C:\\Users\\Lokesh-PC\\Downloads\\test copilot chat\\GDS-Demo-App\\src\\components\\ConfirmationStep.tsx": {"lines":{"total":10,"covered":10,"skipped":0,"pct":100},"functions":{"total":4,"covered":4,"skipped":0,"pct":100},"statements":{"total":11,"covered":10,"skipped":0,"pct":90.9},"branches":{"total":6,"covered":3,"skipped":0,"pct":50}}
,"C:\\Users\\Lokesh-PC\\Downloads\\test copilot chat\\GDS-Demo-App\\src\\components\\FormInput.tsx": {"lines":{"total":9,"covered":9,"skipped":0,"pct":100},"functions":{"total":2,"covered":2,"skipped":0,"pct":100},"statements":{"total":9,"covered":9,"skipped":0,"pct":100},"branches":{"total":45,"covered":40,"skipped":0,"pct":88.88}}
,"C:\\Users\\Lokesh-PC\\Downloads\\test copilot chat\\GDS-Demo-App\\src\\components\\GovUKFooter.tsx": {"lines":{"total":3,"covered":3,"skipped":0,"pct":100},"functions":{"total":2,"covered":2,"skipped":0,"pct":100},"statements":{"total":3,"covered":3,"skipped":0,"pct":100},"branches":{"total":0,"covered":0,"skipped":0,"pct":100}}
,"C:\\Users\\Lokesh-PC\\Downloads\\test copilot chat\\GDS-Demo-App\\src\\components\\GovUKHeader.tsx": {"lines":{"total":2,"covered":2,"skipped":0,"pct":100},"functions":{"total":1,"covered":1,"skipped":0,"pct":100},"statements":{"total":2,"covered":2,"skipped":0,"pct":100},"branches":{"total":3,"covered":3,"skipped":0,"pct":100}}
,"C:\\Users\\Lokesh-PC\\Downloads\\test copilot chat\\GDS-Demo-App\\src\\components\\ProgressIndicator.tsx": {"lines":{"total":6,"covered":6,"skipped":0,"pct":100},"functions":{"total":2,"covered":2,"skipped":0,"pct":100},"statements":{"total":6,"covered":6,"skipped":0,"pct":100},"branches":{"total":16,"covered":16,"skipped":0,"pct":100}}
,"C:\\Users\\Lokesh-PC\\Downloads\\test copilot chat\\GDS-Demo-App\\src\\utils\\validation.ts": {"lines":{"total":5,"covered":5,"skipped":0,"pct":100},"functions":{"total":2,"covered":2,"skipped":0,"pct":100},"statements":{"total":5,"covered":5,"skipped":0,"pct":100},"branches":{"total":0,"covered":0,"skipped":0,"pct":100}}
}
