TN:
SF:src\components\ConfirmationStep.tsx
FN:8,(anonymous_0)
FN:9,(anonymous_1)
FN:18,(anonymous_2)
FN:111,(anonymous_3)
FNF:4
FNH:4
FNDA:9,(anonymous_0)
FNDA:9,(anonymous_1)
FNDA:9,(anonymous_2)
FNDA:72,(anonymous_3)
DA:8,1
DA:9,9
DA:10,9
DA:11,9
DA:18,9
DA:19,9
DA:27,9
DA:30,9
DA:42,9
DA:112,72
LF:10
LH:10
BRDA:10,0,0,0
BRDA:10,0,1,9
BRDA:27,1,0,9
BRDA:27,1,1,0
BRDA:39,2,0,0
BRDA:39,2,1,9
BRF:6
BRH:3
end_of_record
TN:
SF:src\components\FormInput.tsx
FN:17,(anonymous_0)
FN:148,(anonymous_1)
FNF:2
FNH:2
FNDA:20,(anonymous_0)
FNDA:2,(anonymous_1)
DA:17,1
DA:30,20
DA:31,20
DA:32,20
DA:34,20
DA:41,20
DA:45,20
DA:60,20
DA:149,2
LF:9
LH:9
BRDA:20,0,0,20
BRDA:24,1,0,20
BRDA:28,2,0,20
BRDA:35,3,0,2
BRDA:35,3,1,18
BRDA:36,4,0,4
BRDA:36,4,1,16
BRDA:41,5,0,4
BRDA:41,5,1,16
BRDA:64,6,0,4
BRDA:64,6,1,16
BRDA:79,7,0,2
BRDA:79,7,1,18
BRDA:84,8,0,20
BRDA:84,8,1,0
BRDA:91,9,0,20
BRDA:91,9,1,2
BRDA:105,10,0,20
BRDA:105,10,1,4
BRDA:123,11,0,1
BRDA:123,11,1,19
BRDA:130,12,0,1
BRDA:130,12,1,1
BRDA:136,13,0,1
BRDA:136,13,1,18
BRDA:142,14,0,1
BRDA:142,14,1,1
BRDA:162,15,0,18
BRDA:162,15,1,12
BRDA:166,16,0,13
BRDA:166,16,1,5
BRDA:167,17,0,1
BRDA:167,17,1,4
BRDA:168,18,0,1
BRDA:168,18,1,3
BRDA:169,19,0,0
BRDA:169,19,1,3
BRDA:170,20,0,0
BRDA:170,20,1,3
BRDA:171,21,0,0
BRDA:171,21,1,3
BRDA:172,22,0,1
BRDA:172,22,1,2
BRDA:173,23,0,2
BRDA:173,23,1,0
BRF:45
BRH:40
end_of_record
TN:
SF:src\components\GovUKFooter.tsx
FN:3,(anonymous_0)
FN:37,(anonymous_1)
FNF:2
FNH:2
FNDA:8,(anonymous_0)
FNDA:48,(anonymous_1)
DA:3,1
DA:4,8
DA:38,48
LF:3
LH:3
BRF:0
BRH:0
end_of_record
TN:
SF:src\components\GovUKHeader.tsx
FN:8,(anonymous_0)
FNF:1
FNH:1
FNDA:7,(anonymous_0)
DA:8,1
DA:9,7
LF:2
LH:2
BRDA:8,0,0,7
BRDA:43,1,0,7
BRDA:43,1,1,1
BRF:3
BRH:3
end_of_record
TN:
SF:src\components\ProgressIndicator.tsx
FN:9,(anonymous_0)
FN:39,(anonymous_1)
FNF:2
FNH:2
FNDA:10,(anonymous_0)
FNDA:40,(anonymous_1)
DA:9,1
DA:14,10
DA:40,40
DA:41,40
DA:42,40
DA:44,40
LF:6
LH:6
BRDA:47,0,0,10
BRDA:47,0,1,30
BRDA:51,1,0,6
BRDA:51,1,1,34
BRDA:51,2,0,10
BRDA:51,2,1,24
BRDA:54,3,0,30
BRDA:54,3,1,10
BRDA:62,4,0,10
BRDA:62,4,1,30
BRDA:62,5,0,6
BRDA:62,5,1,24
BRDA:63,6,0,10
BRDA:63,6,1,30
BRDA:66,7,0,40
BRDA:66,7,1,6
BRF:16
BRH:16
end_of_record
TN:
SF:src\utils\validation.ts
FN:3,(anonymous_0)
FN:10,(anonymous_1)
FNF:2
FNH:2
FNDA:6,(anonymous_0)
FNDA:2,(anonymous_1)
DA:3,1
DA:4,6
DA:7,6
DA:10,1
DA:11,2
LF:5
LH:5
BRF:0
BRH:0
end_of_record
